<?xml version="1.0" encoding="UTF-8"?>
<robot generator="Robot 5.0.1 (Python 3.8.10 on linux)" generated="20220924 12:48:04.716" rpa="false" schemaversion="3">
<suite id="s1" name="API token" source="/home/aaron/besquare-deriv/RF/API_token.robot">
<test id="s1-t1" name="TC 01" line="8">
<kw name="Set Selenium Speed" library="SeleniumLibrary">
<arg>0.5</arg>
<doc>Sets the delay that is waited after each Selenium command.</doc>
<status status="PASS" starttime="20220924 12:48:04.797" endtime="20220924 12:48:04.797"/>
</kw>
<kw name="Open Browser" library="SeleniumLibrary">
<arg>https://app.deriv.com/account/api-token/</arg>
<arg>chrome</arg>
<doc>Opens a new browser instance to the optional ``url``.</doc>
<msg timestamp="20220924 12:48:04.797" level="INFO">Opening browser 'chrome' to base url 'https://app.deriv.com/account/api-token/'.</msg>
<status status="PASS" starttime="20220924 12:48:04.797" endtime="20220924 12:48:11.202"/>
</kw>
<kw name="Maximize Browser Window" library="SeleniumLibrary">
<doc>Maximizes current browser window.</doc>
<status status="PASS" starttime="20220924 12:48:11.203" endtime="20220924 12:48:11.811"/>
</kw>
<kw name="Wait Until Page Contains Element" library="SeleniumLibrary">
<arg>//input[@type='email']</arg>
<arg>10</arg>
<doc>Waits until the element ``locator`` appears on the current page.</doc>
<status status="PASS" starttime="20220924 12:48:11.811" endtime="20220924 12:48:19.301"/>
</kw>
<kw name="Input Text" library="SeleniumLibrary">
<arg>//input[@type='email']</arg>
<arg>aaron+4@besquare.com.my</arg>
<doc>Types the given ``text`` into the text field identified by ``locator``.</doc>
<msg timestamp="20220924 12:48:19.302" level="INFO">Typing text 'aaron+4@besquare.com.my' into text field '//input[@type='email']'.</msg>
<status status="PASS" starttime="20220924 12:48:19.302" endtime="20220924 12:48:20.915"/>
</kw>
<kw name="Input Text" library="SeleniumLibrary">
<arg>//input[@type='password']</arg>
<arg>C0rrect_p4ssword</arg>
<doc>Types the given ``text`` into the text field identified by ``locator``.</doc>
<msg timestamp="20220924 12:48:20.916" level="INFO">Typing text 'C0rrect_p4ssword' into text field '//input[@type='password']'.</msg>
<status status="PASS" starttime="20220924 12:48:20.915" endtime="20220924 12:48:22.536"/>
</kw>
<kw name="Click Element" library="SeleniumLibrary">
<arg>//button[@type='submit']</arg>
<doc>Click the element identified by ``locator``.</doc>
<msg timestamp="20220924 12:48:22.537" level="INFO">Clicking element '//button[@type='submit']'.</msg>
<status status="PASS" starttime="20220924 12:48:22.537" endtime="20220924 12:48:30.236"/>
</kw>
<kw name="Wait Until Page Contains Element" library="SeleniumLibrary">
<arg>//h4[@class='dc-text da-article__header']</arg>
<doc>Waits until the element ``locator`` appears on the current page.</doc>
<status status="PASS" starttime="20220924 12:48:30.236" endtime="20220924 12:48:30.792"/>
</kw>
<status status="PASS" starttime="20220924 12:48:04.796" endtime="20220924 12:48:30.792"/>
</test>
<test id="s1-t2" name="TC_08" line="73">
<kw name="Click Element" library="SeleniumLibrary">
<arg>//*[text()='Admin']//parent::label</arg>
<doc>Click the element identified by ``locator``.</doc>
<msg timestamp="20220924 12:48:30.795" level="INFO">Clicking element '//*[text()='Admin']//parent::label'.</msg>
<status status="PASS" starttime="20220924 12:48:30.795" endtime="20220924 12:48:31.890"/>
</kw>
<kw name="Input Text" library="SeleniumLibrary">
<arg>//input[@type='text']</arg>
<arg>bill</arg>
<doc>Types the given ``text`` into the text field identified by ``locator``.</doc>
<msg timestamp="20220924 12:48:31.890" level="INFO">Typing text 'bill' into text field '//input[@type='text']'.</msg>
<status status="PASS" starttime="20220924 12:48:31.890" endtime="20220924 12:48:33.513"/>
</kw>
<kw name="Click Button" library="SeleniumLibrary">
<arg>//button[@class='dc-btn dc-btn__effect dc-btn--primary dc-btn__large dc-btn__button-group da-api-token__button']</arg>
<doc>Clicks the button identified by ``locator``.</doc>
<msg timestamp="20220924 12:48:33.514" level="INFO">Clicking button '//button[@class='dc-btn dc-btn__effect dc-btn--primary dc-btn__large dc-btn__button-group da-api-token__button']'.</msg>
<status status="PASS" starttime="20220924 12:48:33.514" endtime="20220924 12:48:36.128"/>
</kw>
<kw name="Wait Until Page Contains Element" library="SeleniumLibrary">
<arg>//*[text()='bill']//ancestor::td[@class='da-api-token__table-cell da-api-token__table-cell--name']</arg>
<doc>Waits until the element ``locator`` appears on the current page.</doc>
<status status="PASS" starttime="20220924 12:48:36.129" endtime="20220924 12:48:36.652"/>
</kw>
<kw name="Wait Until Page Contains Element" library="SeleniumLibrary">
<arg>//*[text()='Admin']//ancestor::td[@class='da-api-token__table-cell']</arg>
<doc>Waits until the element ``locator`` appears on the current page.</doc>
<status status="PASS" starttime="20220924 12:48:36.653" endtime="20220924 12:48:37.170"/>
</kw>
<kw name="Click Element" library="SeleniumLibrary">
<arg>//*[@class="dc-icon dc-clipboard"]</arg>
<doc>Click the element identified by ``locator``.</doc>
<msg timestamp="20220924 12:48:37.171" level="INFO">Clicking element '//*[@class="dc-icon dc-clipboard"]'.</msg>
<status status="PASS" starttime="20220924 12:48:37.171" endtime="20220924 12:48:38.247"/>
</kw>
<kw name="Wait Until Page Contains Element" library="SeleniumLibrary">
<arg>//button[@class='dc-btn dc-btn__effect dc-btn--primary dc-btn__large dc-dialog__button']</arg>
<doc>Waits until the element ``locator`` appears on the current page.</doc>
<status status="PASS" starttime="20220924 12:48:38.248" endtime="20220924 12:48:38.762"/>
</kw>
<kw name="Click Button" library="SeleniumLibrary">
<arg>//button[@class='dc-btn dc-btn__effect dc-btn--primary dc-btn__large dc-dialog__button']</arg>
<doc>Clicks the button identified by ``locator``.</doc>
<msg timestamp="20220924 12:48:38.763" level="INFO">Clicking button '//button[@class='dc-btn dc-btn__effect dc-btn--primary dc-btn__large dc-dialog__button']'.</msg>
<status status="PASS" starttime="20220924 12:48:38.762" endtime="20220924 12:48:41.374"/>
</kw>
<kw name="Click Element" library="SeleniumLibrary">
<arg>//*[@class='dc-icon da-api-token__visibility-icon']</arg>
<doc>Click the element identified by ``locator``.</doc>
<msg timestamp="20220924 12:48:41.375" level="INFO">Clicking element '//*[@class='dc-icon da-api-token__visibility-icon']'.</msg>
<status status="PASS" starttime="20220924 12:48:41.374" endtime="20220924 12:48:42.453"/>
</kw>
<kw name="Wait Until Page Contains Element" library="SeleniumLibrary">
<arg>//p[@class="dc-text"]</arg>
<doc>Waits until the element ``locator`` appears on the current page.</doc>
<status status="PASS" starttime="20220924 12:48:42.453" endtime="20220924 12:48:42.963"/>
</kw>
<kw name="Click Element" library="SeleniumLibrary">
<arg>//*[@class='dc-icon dc-clipboard da-api-token__delete-icon']</arg>
<doc>Click the element identified by ``locator``.</doc>
<msg timestamp="20220924 12:48:42.964" level="INFO">Clicking element '//*[@class='dc-icon dc-clipboard da-api-token__delete-icon']'.</msg>
<status status="PASS" starttime="20220924 12:48:42.963" endtime="20220924 12:48:44.038"/>
</kw>
<kw name="Click Button" library="SeleniumLibrary">
<arg>//button[@class='dc-btn dc-btn__effect dc-btn--primary dc-btn__large dc-dialog__button']</arg>
<doc>Clicks the button identified by ``locator``.</doc>
<msg timestamp="20220924 12:48:44.039" level="INFO">Clicking button '//button[@class='dc-btn dc-btn__effect dc-btn--primary dc-btn__large dc-dialog__button']'.</msg>
<status status="PASS" starttime="20220924 12:48:44.039" endtime="20220924 12:48:46.635"/>
</kw>
<kw name="Wait Until Page Does Not Contain" library="SeleniumLibrary">
<arg>//*[text()='bill']//ancestor::td[@class='da-api-token__table-cell da-api-token__table-cell--name']</arg>
<doc>Waits until ``text`` disappears from the current page.</doc>
<status status="PASS" starttime="20220924 12:48:46.635" endtime="20220924 12:48:47.159"/>
</kw>
<status status="PASS" starttime="20220924 12:48:30.794" endtime="20220924 12:48:47.160"/>
</test>
<status status="PASS" starttime="20220924 12:48:04.716" endtime="20220924 12:48:47.161"/>
</suite>
<statistics>
<total>
<stat pass="2" fail="0" skip="0">All Tests</stat>
</total>
<tag>
</tag>
<suite>
<stat pass="2" fail="0" skip="0" id="s1" name="API token">API token</stat>
</suite>
</statistics>
<errors>
</errors>
</robot>
